2025-04-10 17:26:10 - Password change attempt for dk@gmail.com
2025-04-10 17:26:10 - Incorrect current password for dk@gmail.com
2025-04-10 17:26:10 - Error: Current password is incorrect
2025-04-10 17:26:20 - Password change attempt for dk@gmail.com
2025-04-10 17:26:20 - Incorrect current password for dk@gmail.com
2025-04-10 17:26:20 - Error: Current password is incorrect
2025-04-10 17:27:05 - Password change attempt for dk@gmail.com
2025-04-10 17:27:05 - Incorrect current password for dk@gmail.com
2025-04-10 17:27:05 - Error: Current password is incorrect
2025-04-10 17:27:25 - Password change attempt for dk@gmail.com
2025-04-10 17:27:25 - Incorrect current password for dk@gmail.com
2025-04-10 17:27:25 - Error: Current password is incorrect
2025-04-10 17:29:18 - Password change attempt for dk@gmail.com
2025-04-10 17:29:18 - Incorrect current password for dk@gmail.com
2025-04-10 17:29:18 - Error: Current password is incorrect
2025-04-10 17:29:27 - Password change attempt for dk@gmail.com
2025-04-10 17:29:27 - MD5 password verified for dk@gmail.com
2025-04-10 17:29:27 - Error: Password must be at least 8 characters
2025-04-10 17:29:36 - Password change attempt for dk@gmail.com
2025-04-10 17:29:36 - MD5 password verified for dk@gmail.com
2025-04-10 17:29:36 - Password successfully changed for dk@gmail.com
2025-04-10 17:37:46 - Password change attempt for dk@gmail.com
2025-04-10 17:37:46 - MD5 password verified for dk@gmail.com
2025-04-10 17:37:46 - Password successfully changed for dk@gmail.com
